#-----------------------------------------------------------
# Vivado v2022.1 (64-bit)
# SW Build 3526262 on Mon Apr 18 15:47:01 MDT 2022
# IP Build 3524634 on Mon Apr 18 20:55:01 MDT 2022
# Start of session at: Mon Aug  5 11:21:37 2024
# Process ID: 10599
# Current directory: /home/cttc/jorge/RFSoC-PYNQ/RFSoC-PYNQ/boards/ZCU208/base
# Command line: vivado -mode batch -source check_timing.tcl -notrace
# Log file: /home/cttc/jorge/RFSoC-PYNQ/RFSoC-PYNQ/boards/ZCU208/base/vivado.log
# Journal file: /home/cttc/jorge/RFSoC-PYNQ/RFSoC-PYNQ/boards/ZCU208/base/vivado.jou
# Running On: o-51904, OS: Linux, CPU Frequency: 3909.197 MHz, CPU Physical cores: 6, Host memory: 33506 MB
#-----------------------------------------------------------
source check_timing.tcl -notrace
couldn't open "./base/base.runs/impl_1/base_wrapper_timing_summary_routed.rpt": no such file or directory
    while executing
"open ./${overlay_name}/${overlay_name}.runs/impl_1/${design_name}_wrapper_timing_summary_routed.rpt r"
    invoked from within
"set fd [open ./${overlay_name}/${overlay_name}.runs/impl_1/${design_name}_wrapper_timing_summary_routed.rpt r]"
    (file "check_timing.tcl" line 7)
INFO: [Common 17-206] Exiting Vivado at Mon Aug  5 11:21:41 2024...
